<?xml version="1.0" encoding="UTF-8"?>
<testsuite xmlns:xsi="http://www.w3.org/2001/XMLSchema-instance" xsi:noNamespaceSchemaLocation="https://maven.apache.org/surefire/maven-surefire-plugin/xsd/surefire-test-report.xsd" name="it.unipd.mtss.ConverterTest" time="0.231" tests="101" errors="0" skipped="0" failures="0">
  <properties>
    <property name="java.specification.version" value="21"/>
    <property name="sun.jnu.encoding" value="UTF-8"/>
    <property name="java.class.path" value="/home/enrico/Scrivania/fork/Assignment2/roman-number/target/test-classes:/home/enrico/Scrivania/fork/Assignment2/roman-number/target/classes:/home/enrico/.m2/repository/junit/junit/4.13.1/junit-4.13.1.jar:/home/enrico/.m2/repository/org/hamcrest/hamcrest-core/1.3/hamcrest-core-1.3.jar:"/>
    <property name="java.vm.vendor" value="Private Build"/>
    <property name="sun.arch.data.model" value="64"/>
    <property name="java.vendor.url" value="Unknown"/>
    <property name="os.name" value="Linux"/>
    <property name="java.vm.specification.version" value="21"/>
    <property name="sun.java.launcher" value="SUN_STANDARD"/>
    <property name="user.country" value="IT"/>
    <property name="sun.boot.library.path" value="/usr/lib/jvm/java-21-openjdk-amd64/lib"/>
    <property name="sun.java.command" value="/home/enrico/Scrivania/fork/Assignment2/roman-number/target/surefire/surefirebooter2144730694231557009.jar /home/enrico/Scrivania/fork/Assignment2/roman-number/target/surefire 2024-05-14T10-49-32_887-jvmRun1 surefire531359490654756737tmp surefire_09467387539985098355tmp"/>
    <property name="jdk.debug" value="release"/>
    <property name="surefire.test.class.path" value="/home/enrico/Scrivania/fork/Assignment2/roman-number/target/test-classes:/home/enrico/Scrivania/fork/Assignment2/roman-number/target/classes:/home/enrico/.m2/repository/junit/junit/4.13.1/junit-4.13.1.jar:/home/enrico/.m2/repository/org/hamcrest/hamcrest-core/1.3/hamcrest-core-1.3.jar:"/>
    <property name="sun.cpu.endian" value="little"/>
    <property name="user.home" value="/home/enrico"/>
    <property name="user.language" value="it"/>
    <property name="java.specification.vendor" value="Oracle Corporation"/>
    <property name="java.version.date" value="2024-01-16"/>
    <property name="java.home" value="/usr/lib/jvm/java-21-openjdk-amd64"/>
    <property name="file.separator" value="/"/>
    <property name="basedir" value="/home/enrico/Scrivania/fork/Assignment2/roman-number"/>
    <property name="java.vm.compressedOopsMode" value="32-bit"/>
    <property name="line.separator" value="&#10;"/>
    <property name="java.specification.name" value="Java Platform API Specification"/>
    <property name="java.vm.specification.vendor" value="Oracle Corporation"/>
    <property name="surefire.real.class.path" value="/home/enrico/Scrivania/fork/Assignment2/roman-number/target/surefire/surefirebooter2144730694231557009.jar"/>
    <property name="sun.management.compiler" value="HotSpot 64-Bit Tiered Compilers"/>
    <property name="java.runtime.version" value="21.0.2+13-Ubuntu-123.10.1"/>
    <property name="user.name" value="enrico"/>
    <property name="stdout.encoding" value="UTF-8"/>
    <property name="path.separator" value=":"/>
    <property name="os.version" value="6.5.0-28-generic"/>
    <property name="java.runtime.name" value="OpenJDK Runtime Environment"/>
    <property name="file.encoding" value="UTF-8"/>
    <property name="java.vm.name" value="OpenJDK 64-Bit Server VM"/>
    <property name="localRepository" value="/home/enrico/.m2/repository"/>
    <property name="java.vendor.url.bug" value="Unknown"/>
    <property name="java.io.tmpdir" value="/tmp"/>
    <property name="java.version" value="21.0.2"/>
    <property name="user.dir" value="/home/enrico/Scrivania/fork/Assignment2/roman-number"/>
    <property name="os.arch" value="amd64"/>
    <property name="java.vm.specification.name" value="Java Virtual Machine Specification"/>
    <property name="native.encoding" value="UTF-8"/>
    <property name="java.library.path" value="/usr/java/packages/lib:/usr/lib/x86_64-linux-gnu/jni:/lib/x86_64-linux-gnu:/usr/lib/x86_64-linux-gnu:/usr/lib/jni:/lib:/usr/lib"/>
    <property name="java.vm.info" value="mixed mode, sharing"/>
    <property name="stderr.encoding" value="UTF-8"/>
    <property name="java.vendor" value="Private Build"/>
    <property name="java.vm.version" value="21.0.2+13-Ubuntu-123.10.1"/>
    <property name="sun.io.unicode.encoding" value="UnicodeLittle"/>
    <property name="java.class.version" value="65.0"/>
  </properties>
  <testcase name="testConverter[0]" classname="it.unipd.mtss.ConverterTest" time="0.003"/>
  <testcase name="testConverter[1]" classname="it.unipd.mtss.ConverterTest" time="0"/>
  <testcase name="testConverter[2]" classname="it.unipd.mtss.ConverterTest" time="0.001"/>
  <testcase name="testConverter[3]" classname="it.unipd.mtss.ConverterTest" time="0.001"/>
  <testcase name="testConverter[4]" classname="it.unipd.mtss.ConverterTest" time="0.002"/>
  <testcase name="testConverter[5]" classname="it.unipd.mtss.ConverterTest" time="0.001"/>
  <testcase name="testConverter[6]" classname="it.unipd.mtss.ConverterTest" time="0"/>
  <testcase name="testConverter[7]" classname="it.unipd.mtss.ConverterTest" time="0.001"/>
  <testcase name="testConverter[8]" classname="it.unipd.mtss.ConverterTest" time="0.002"/>
  <testcase name="testConverter[9]" classname="it.unipd.mtss.ConverterTest" time="0"/>
  <testcase name="testConverter[10]" classname="it.unipd.mtss.ConverterTest" time="0.003"/>
  <testcase name="testConverter[11]" classname="it.unipd.mtss.ConverterTest" time="0"/>
  <testcase name="testConverter[12]" classname="it.unipd.mtss.ConverterTest" time="0.001"/>
  <testcase name="testConverter[13]" classname="it.unipd.mtss.ConverterTest" time="0.001"/>
  <testcase name="testConverter[14]" classname="it.unipd.mtss.ConverterTest" time="0.002"/>
  <testcase name="testConverter[15]" classname="it.unipd.mtss.ConverterTest" time="0.001"/>
  <testcase name="testConverter[16]" classname="it.unipd.mtss.ConverterTest" time="0.001"/>
  <testcase name="testConverter[17]" classname="it.unipd.mtss.ConverterTest" time="0.002"/>
  <testcase name="testConverter[18]" classname="it.unipd.mtss.ConverterTest" time="0.001"/>
  <testcase name="testConverter[19]" classname="it.unipd.mtss.ConverterTest" time="0.001"/>
  <testcase name="testConverter[20]" classname="it.unipd.mtss.ConverterTest" time="0.001"/>
  <testcase name="testConverter[21]" classname="it.unipd.mtss.ConverterTest" time="0.002"/>
  <testcase name="testConverter[22]" classname="it.unipd.mtss.ConverterTest" time="0"/>
  <testcase name="testConverter[23]" classname="it.unipd.mtss.ConverterTest" time="0.001"/>
  <testcase name="testConverter[24]" classname="it.unipd.mtss.ConverterTest" time="0.001"/>
  <testcase name="testConverter[25]" classname="it.unipd.mtss.ConverterTest" time="0.001"/>
  <testcase name="testConverter[26]" classname="it.unipd.mtss.ConverterTest" time="0.001"/>
  <testcase name="testConverter[27]" classname="it.unipd.mtss.ConverterTest" time="0.002"/>
  <testcase name="testConverter[28]" classname="it.unipd.mtss.ConverterTest" time="0.001"/>
  <testcase name="testConverter[29]" classname="it.unipd.mtss.ConverterTest" time="0.001"/>
  <testcase name="testConverter[30]" classname="it.unipd.mtss.ConverterTest" time="0.002"/>
  <testcase name="testConverter[31]" classname="it.unipd.mtss.ConverterTest" time="0.001"/>
  <testcase name="testConverter[32]" classname="it.unipd.mtss.ConverterTest" time="0.002"/>
  <testcase name="testConverter[33]" classname="it.unipd.mtss.ConverterTest" time="0.001"/>
  <testcase name="testConverter[34]" classname="it.unipd.mtss.ConverterTest" time="0.001"/>
  <testcase name="testConverter[35]" classname="it.unipd.mtss.ConverterTest" time="0.002"/>
  <testcase name="testConverter[36]" classname="it.unipd.mtss.ConverterTest" time="0.001"/>
  <testcase name="testConverter[37]" classname="it.unipd.mtss.ConverterTest" time="0.001"/>
  <testcase name="testConverter[38]" classname="it.unipd.mtss.ConverterTest" time="0"/>
  <testcase name="testConverter[39]" classname="it.unipd.mtss.ConverterTest" time="0.001"/>
  <testcase name="testConverter[40]" classname="it.unipd.mtss.ConverterTest" time="0.001"/>
  <testcase name="testConverter[41]" classname="it.unipd.mtss.ConverterTest" time="0.006"/>
  <testcase name="testConverter[42]" classname="it.unipd.mtss.ConverterTest" time="0.001"/>
  <testcase name="testConverter[43]" classname="it.unipd.mtss.ConverterTest" time="0.001"/>
  <testcase name="testConverter[44]" classname="it.unipd.mtss.ConverterTest" time="0.002"/>
  <testcase name="testConverter[45]" classname="it.unipd.mtss.ConverterTest" time="0.001"/>
  <testcase name="testConverter[46]" classname="it.unipd.mtss.ConverterTest" time="0.001"/>
  <testcase name="testConverter[47]" classname="it.unipd.mtss.ConverterTest" time="0.002"/>
  <testcase name="testConverter[48]" classname="it.unipd.mtss.ConverterTest" time="0.001"/>
  <testcase name="testConverter[49]" classname="it.unipd.mtss.ConverterTest" time="0.007"/>
  <testcase name="testConverter[50]" classname="it.unipd.mtss.ConverterTest" time="0"/>
  <testcase name="testConverter[51]" classname="it.unipd.mtss.ConverterTest" time="0.001"/>
  <testcase name="testConverter[52]" classname="it.unipd.mtss.ConverterTest" time="0"/>
  <testcase name="testConverter[53]" classname="it.unipd.mtss.ConverterTest" time="0.002"/>
  <testcase name="testConverter[54]" classname="it.unipd.mtss.ConverterTest" time="0.004"/>
  <testcase name="testConverter[55]" classname="it.unipd.mtss.ConverterTest" time="0.001"/>
  <testcase name="testConverter[56]" classname="it.unipd.mtss.ConverterTest" time="0.001"/>
  <testcase name="testConverter[57]" classname="it.unipd.mtss.ConverterTest" time="0.001"/>
  <testcase name="testConverter[58]" classname="it.unipd.mtss.ConverterTest" time="0.001"/>
  <testcase name="testConverter[59]" classname="it.unipd.mtss.ConverterTest" time="0.001"/>
  <testcase name="testConverter[60]" classname="it.unipd.mtss.ConverterTest" time="0.001"/>
  <testcase name="testConverter[61]" classname="it.unipd.mtss.ConverterTest" time="0.001"/>
  <testcase name="testConverter[62]" classname="it.unipd.mtss.ConverterTest" time="0.002"/>
  <testcase name="testConverter[63]" classname="it.unipd.mtss.ConverterTest" time="0.003"/>
  <testcase name="testConverter[64]" classname="it.unipd.mtss.ConverterTest" time="0.001"/>
  <testcase name="testConverter[65]" classname="it.unipd.mtss.ConverterTest" time="0.002"/>
  <testcase name="testConverter[66]" classname="it.unipd.mtss.ConverterTest" time="0"/>
  <testcase name="testConverter[67]" classname="it.unipd.mtss.ConverterTest" time="0.001"/>
  <testcase name="testConverter[68]" classname="it.unipd.mtss.ConverterTest" time="0.001"/>
  <testcase name="testConverter[69]" classname="it.unipd.mtss.ConverterTest" time="0.002"/>
  <testcase name="testConverter[70]" classname="it.unipd.mtss.ConverterTest" time="0.002"/>
  <testcase name="testConverter[71]" classname="it.unipd.mtss.ConverterTest" time="0.002"/>
  <testcase name="testConverter[72]" classname="it.unipd.mtss.ConverterTest" time="0"/>
  <testcase name="testConverter[73]" classname="it.unipd.mtss.ConverterTest" time="0.001"/>
  <testcase name="testConverter[74]" classname="it.unipd.mtss.ConverterTest" time="0.001"/>
  <testcase name="testConverter[75]" classname="it.unipd.mtss.ConverterTest" time="0.001"/>
  <testcase name="testConverter[76]" classname="it.unipd.mtss.ConverterTest" time="0.001"/>
  <testcase name="testConverter[77]" classname="it.unipd.mtss.ConverterTest" time="0.001"/>
  <testcase name="testConverter[78]" classname="it.unipd.mtss.ConverterTest" time="0.001"/>
  <testcase name="testConverter[79]" classname="it.unipd.mtss.ConverterTest" time="0.002"/>
  <testcase name="testConverter[80]" classname="it.unipd.mtss.ConverterTest" time="0.002"/>
  <testcase name="testConverter[81]" classname="it.unipd.mtss.ConverterTest" time="0.001"/>
  <testcase name="testConverter[82]" classname="it.unipd.mtss.ConverterTest" time="0.001"/>
  <testcase name="testConverter[83]" classname="it.unipd.mtss.ConverterTest" time="0.001"/>
  <testcase name="testConverter[84]" classname="it.unipd.mtss.ConverterTest" time="0"/>
  <testcase name="testConverter[85]" classname="it.unipd.mtss.ConverterTest" time="0.001"/>
  <testcase name="testConverter[86]" classname="it.unipd.mtss.ConverterTest" time="0.002"/>
  <testcase name="testConverter[87]" classname="it.unipd.mtss.ConverterTest" time="0"/>
  <testcase name="testConverter[88]" classname="it.unipd.mtss.ConverterTest" time="0.002"/>
  <testcase name="testConverter[89]" classname="it.unipd.mtss.ConverterTest" time="0.001"/>
  <testcase name="testConverter[90]" classname="it.unipd.mtss.ConverterTest" time="0.002"/>
  <testcase name="testConverter[91]" classname="it.unipd.mtss.ConverterTest" time="0.002"/>
  <testcase name="testConverter[92]" classname="it.unipd.mtss.ConverterTest" time="0.001"/>
  <testcase name="testConverter[93]" classname="it.unipd.mtss.ConverterTest" time="0"/>
  <testcase name="testConverter[94]" classname="it.unipd.mtss.ConverterTest" time="0.001"/>
  <testcase name="testConverter[95]" classname="it.unipd.mtss.ConverterTest" time="0.001"/>
  <testcase name="testConverter[96]" classname="it.unipd.mtss.ConverterTest" time="0.001"/>
  <testcase name="testConverter[97]" classname="it.unipd.mtss.ConverterTest" time="0.001"/>
  <testcase name="testConverter[98]" classname="it.unipd.mtss.ConverterTest" time="0.001"/>
  <testcase name="testConverter[99]" classname="it.unipd.mtss.ConverterTest" time="0"/>
  <testcase name="testConverter[100]" classname="it.unipd.mtss.ConverterTest" time="0.002"/>
</testsuite>